[11:48:59] [main/INFO] (FabricLoader/GameProvider) Loading Minecraft 1.19.4 with Fabric Loader 0.14.18
[11:48:59] [main/DEBUG] (FabricLoader/GamePatch) Found game constructor: net.minecraft.client.main.Main -> net.minecraft.client.MinecraftClient
[11:48:59] [main/DEBUG] (FabricLoader/GamePatch) Patching game constructor <init>(Lnet/minecraft/client/RunArgs;)V
[11:48:59] [main/DEBUG] (FabricLoader/GamePatch) Run directory field is thought to be net/minecraft/client/MinecraftClient/runDirectory
[11:49:00] [main/DEBUG] (FabricLoader/GamePatch) Applying brand name hook to net/minecraft/client/ClientBrandRetriever::getClientModName
[11:49:00] [main/DEBUG] (FabricLoader/GamePatch) Applying brand name hook to net/minecraft/server/MinecraftServer::getServerModName
[11:49:00] [main/DEBUG] (FabricLoader/GamePatch) Patched 3 classs
[11:49:00] [main/DEBUG] (FabricLoader/Discovery) Mod discovery time: 106,4 ms
[11:49:00] [main/DEBUG] (FabricLoader/Resolution) Mod resolution time: 216,0 ms
[11:49:00] [main/INFO] (FabricLoader) Loading 4 mods:
	- fabricloader 0.14.18
	- java 17
	- minecraft 1.19.4
	- sascha123789_core_mod 1.0-SNAPSHOT
[11:49:00] [main/DEBUG] (FabricLoader/Knot) Adding C:\Users\Компьютер\Desktop\IdeaProjects\Sascha123789CoreMod\build\resources\main to classpath.
[11:49:00] [main/INFO] (FabricLoader/Mixin) SpongePowered MIXIN Subsystem Version=0.8.5 Source=file:/C:/Users/%d0%9a%d0%be%d0%bc%d0%bf%d1%8c%d1%8e%d1%82%d0%b5%d1%80/.gradle/caches/modules-2/files-2.1/net.fabricmc/sponge-mixin/0.12.4+mixin.0.8.5/e13b4069fe3555969811d4474f78576c707bbe1c/sponge-mixin-0.12.4+mixin.0.8.5.jar Service=Knot/Fabric Env=CLIENT
[11:49:00] [main/DEBUG] (FabricLoader/Mixin) Error cleaning class output directory: .mixin.out
[11:49:00] [main/DEBUG] (FabricLoader/Mixin) Initialising Mixin Platform Manager
[11:49:00] [main/DEBUG] (FabricLoader/Mixin) Adding mixin platform agents for container ContainerHandleURI(file:///C:/Users/Компьютер/Desktop/IdeaProjects/Sascha123789CoreMod/.gradle/loom-cache/remapped_mods/net_fabricmc_yarn_1_19_4_1_19_4_build_1_v2/net/fabricmc/fabric-loader/0.14.18/fabric-loader-0.14.18.jar)
[11:49:00] [main/DEBUG] (FabricLoader/Mixin) Instancing new MixinPlatformAgentDefault for ContainerHandleURI(file:///C:/Users/Компьютер/Desktop/IdeaProjects/Sascha123789CoreMod/.gradle/loom-cache/remapped_mods/net_fabricmc_yarn_1_19_4_1_19_4_build_1_v2/net/fabricmc/fabric-loader/0.14.18/fabric-loader-0.14.18.jar)
[11:49:00] [main/DEBUG] (FabricLoader/Mixin) MixinPlatformAgentDefault accepted container ContainerHandleURI(file:///C:/Users/Компьютер/Desktop/IdeaProjects/Sascha123789CoreMod/.gradle/loom-cache/remapped_mods/net_fabricmc_yarn_1_19_4_1_19_4_build_1_v2/net/fabricmc/fabric-loader/0.14.18/fabric-loader-0.14.18.jar)
[11:49:00] [main/DEBUG] (FabricLoader/Mixin) Instancing new MixinPlatformAgentDefault for ContainerHandleURI(file:///C:/Users/Компьютер/Desktop/IdeaProjects/Sascha123789CoreMod/.gradle/loom-cache/remapped_mods/net_fabricmc_yarn_1_19_4_1_19_4_build_1_v2/net/fabricmc/fabric-loader/0.14.18/fabric-loader-0.14.18.jar)
[11:49:00] [main/DEBUG] (FabricLoader/Mixin) MixinPlatformAgentDefault accepted container ContainerHandleURI(file:///C:/Users/Компьютер/Desktop/IdeaProjects/Sascha123789CoreMod/.gradle/loom-cache/remapped_mods/net_fabricmc_yarn_1_19_4_1_19_4_build_1_v2/net/fabricmc/fabric-loader/0.14.18/fabric-loader-0.14.18.jar)
[11:49:00] [main/DEBUG] (FabricLoader/Mixin) Processing prepare() for PlatformAgent[MixinPlatformAgentDefault:ContainerHandleURI(file:///C:/Users/Компьютер/Desktop/IdeaProjects/Sascha123789CoreMod/.gradle/loom-cache/remapped_mods/net_fabricmc_yarn_1_19_4_1_19_4_build_1_v2/net/fabricmc/fabric-loader/0.14.18/fabric-loader-0.14.18.jar)]
[11:49:00] [main/DEBUG] (FabricLoader/Mixin) Processing prepare() for PlatformAgent[MixinPlatformAgentDefault:ContainerHandleURI(file:///C:/Users/Компьютер/Desktop/IdeaProjects/Sascha123789CoreMod/.gradle/loom-cache/remapped_mods/net_fabricmc_yarn_1_19_4_1_19_4_build_1_v2/net/fabricmc/fabric-loader/0.14.18/fabric-loader-0.14.18.jar)]
[11:49:01] [main/DEBUG] (FabricLoader/Mappings) Loading mappings took 959 ms
[11:49:03] [main/INFO] (FabricLoader/Mixin) Loaded Fabric development mappings for mixin remapper!
[11:49:03] [main/DEBUG] (FabricLoader/Mixin) Compatibility level JAVA_17 specified by sascha123789_core_mod.mixins.json is higher than the maximum level supported by this version of mixin (JAVA_13).
[11:49:03] [main/INFO] (FabricLoader/Mixin) Compatibility level set to JAVA_17
[11:49:03] [main/DEBUG] (FabricLoader/Knot) Adding C:\Users\Компьютер\.gradle\caches\fabric-loom\1.19.4\net.fabricmc.yarn.1_19_4.1.19.4+build.1-v2\minecraft-merged-named.jar to classpath.
[11:49:03] [main/DEBUG] (FabricLoader/Knot) Adding C:\Users\Компьютер\Desktop\IdeaProjects\Sascha123789CoreMod\build\classes\java\main to classpath.
[11:49:03] [main/DEBUG] (FabricLoader/Knot) Adding C:\Users\Компьютер\Desktop\IdeaProjects\Sascha123789CoreMod\build\resources\main to classpath.
[11:49:03] [main/DEBUG] (FabricLoader/Knot) Adding C:\Users\Компьютер\.gradle\caches\modules-2\files-2.1\com.github.oshi\oshi-core\6.2.2\54f5efc19bca95d709d9a37d19ffcbba3d21c1a6\oshi-core-6.2.2.jar to classpath.
[11:49:03] [main/DEBUG] (FabricLoader/Knot) Adding C:\Users\Компьютер\.gradle\caches\modules-2\files-2.1\com.google.guava\failureaccess\1.0.1\1dcf1de382a0bf95a3d8b0849546c88bac1292c9\failureaccess-1.0.1.jar to classpath.
[11:49:03] [main/DEBUG] (FabricLoader/Knot) Adding C:\Users\Компьютер\.gradle\caches\modules-2\files-2.1\com.google.guava\guava\31.1-jre\60458f877d055d0c9114d9e1a2efb737b4bc282c\guava-31.1-jre.jar to classpath.
[11:49:03] [main/DEBUG] (FabricLoader/Knot) Adding C:\Users\Компьютер\.gradle\caches\modules-2\files-2.1\com.ibm.icu\icu4j\71.1\9e7d3304c23f9ba5cb71915f7cce23231a57a445\icu4j-71.1.jar to classpath.
[11:49:03] [main/DEBUG] (FabricLoader/Knot) Adding C:\Users\Компьютер\.gradle\caches\modules-2\files-2.1\com.mojang\blocklist\1.0.10\5c685c5ffa94c4cd39496c7184c1d122e515ecef\blocklist-1.0.10.jar to classpath.
[11:49:03] [main/DEBUG] (FabricLoader/Knot) Adding C:\Users\Компьютер\.gradle\caches\modules-2\files-2.1\com.mojang\brigadier\1.0.18\c1ef1234282716483c92183f49bef47b1a89bfa9\brigadier-1.0.18.jar to classpath.
[11:49:03] [main/DEBUG] (FabricLoader/Knot) Adding C:\Users\Компьютер\.gradle\caches\modules-2\files-2.1\com.mojang\datafixerupper\6.0.6\e38e20946530646e866db03b2b192883d0ea6e84\datafixerupper-6.0.6.jar to classpath.
[11:49:03] [main/DEBUG] (FabricLoader/Knot) Adding C:\Users\Компьютер\.gradle\caches\modules-2\files-2.1\com.mojang\patchy\2.2.10\da05971b07cbb379d002cf7eaec6a2048211fefc\patchy-2.2.10.jar to classpath.
[11:49:03] [main/DEBUG] (FabricLoader/Knot) Adding C:\Users\Компьютер\.gradle\caches\modules-2\files-2.1\com.mojang\text2speech\1.13.9\5f4e3a6ef86cb021f7ca87ca192cddb50c26eb59\text2speech-1.13.9.jar to classpath.
[11:49:03] [main/DEBUG] (FabricLoader/Knot) Adding C:\Users\Компьютер\.gradle\caches\modules-2\files-2.1\com.mojang\text2speech\1.13.9\7a90898b29e5c72f90ba6ebe86fa78a6afd7d3eb\text2speech-1.13.9-natives-windows.jar to classpath.
[11:49:03] [main/DEBUG] (FabricLoader/Knot) Adding C:\Users\Компьютер\.gradle\caches\modules-2\files-2.1\commons-codec\commons-codec\1.15\49d94806b6e3dc933dacbd8acb0fdbab8ebd1e5d\commons-codec-1.15.jar to classpath.
[11:49:03] [main/DEBUG] (FabricLoader/Knot) Adding C:\Users\Компьютер\.gradle\caches\modules-2\files-2.1\commons-io\commons-io\2.11.0\a2503f302b11ebde7ebc3df41daebe0e4eea3689\commons-io-2.11.0.jar to classpath.
[11:49:03] [main/DEBUG] (FabricLoader/Knot) Adding C:\Users\Компьютер\.gradle\caches\modules-2\files-2.1\commons-logging\commons-logging\1.2\4bfc12adfe4842bf07b657f0369c4cb522955686\commons-logging-1.2.jar to classpath.
[11:49:03] [main/DEBUG] (FabricLoader/Knot) Adding C:\Users\Компьютер\.gradle\caches\modules-2\files-2.1\io.netty\netty-buffer\4.1.82.Final\a544270cf1ae8b8077082f5036436a9a9971ea71\netty-buffer-4.1.82.Final.jar to classpath.
[11:49:03] [main/DEBUG] (FabricLoader/Knot) Adding C:\Users\Компьютер\.gradle\caches\modules-2\files-2.1\io.netty\netty-codec\4.1.82.Final\b77200379acb345a9ffdece1c605e591ac3e4e0a\netty-codec-4.1.82.Final.jar to classpath.
[11:49:03] [main/DEBUG] (FabricLoader/Knot) Adding C:\Users\Компьютер\.gradle\caches\modules-2\files-2.1\io.netty\netty-common\4.1.82.Final\22d148e85c3f5ebdacc0ce1f5aabb1d420f73f3\netty-common-4.1.82.Final.jar to classpath.
[11:49:03] [main/DEBUG] (FabricLoader/Knot) Adding C:\Users\Компьютер\.gradle\caches\modules-2\files-2.1\io.netty\netty-handler\4.1.82.Final\644041d1fa96a5d3130a29e8978630d716d76e38\netty-handler-4.1.82.Final.jar to classpath.
[11:49:03] [main/DEBUG] (FabricLoader/Knot) Adding C:\Users\Компьютер\.gradle\caches\modules-2\files-2.1\io.netty\netty-resolver\4.1.82.Final\38f665ae8dcd29032eea31245ba7806bed2e0fa8\netty-resolver-4.1.82.Final.jar to classpath.
[11:49:03] [main/DEBUG] (FabricLoader/Knot) Adding C:\Users\Компьютер\.gradle\caches\modules-2\files-2.1\io.netty\netty-transport-classes-epoll\4.1.82.Final\e7c7dd18deac93105797f30057c912651ea76521\netty-transport-classes-epoll-4.1.82.Final.jar to classpath.
[11:49:03] [main/DEBUG] (FabricLoader/Knot) Adding C:\Users\Компьютер\.gradle\caches\modules-2\files-2.1\io.netty\netty-transport-native-unix-common\4.1.82.Final\3e895b35ca1b8a0eca56cacff4c2dde5d2c6abce\netty-transport-native-unix-common-4.1.82.Final.jar to classpath.
[11:49:03] [main/DEBUG] (FabricLoader/Knot) Adding C:\Users\Компьютер\.gradle\caches\modules-2\files-2.1\io.netty\netty-transport\4.1.82.Final\e431a218d91acb6476ccad5f5aafde50aa3945ca\netty-transport-4.1.82.Final.jar to classpath.
[11:49:03] [main/DEBUG] (FabricLoader/Knot) Adding C:\Users\Компьютер\.gradle\caches\modules-2\files-2.1\it.unimi.dsi\fastutil\8.5.9\bb7ea75ecdb216654237830b3a96d87ad91f8cc5\fastutil-8.5.9.jar to classpath.
[11:49:03] [main/DEBUG] (FabricLoader/Knot) Adding C:\Users\Компьютер\.gradle\caches\modules-2\files-2.1\net.java.dev.jna\jna-platform\5.12.1\97406a297c852f4a41e688a176ec675f72e8329\jna-platform-5.12.1.jar to classpath.
[11:49:03] [main/DEBUG] (FabricLoader/Knot) Adding C:\Users\Компьютер\.gradle\caches\modules-2\files-2.1\net.java.dev.jna\jna\5.12.1\b1e93a735caea94f503e95e6fe79bf9cdc1e985d\jna-5.12.1.jar to classpath.
[11:49:03] [main/DEBUG] (FabricLoader/Knot) Adding C:\Users\Компьютер\.gradle\caches\modules-2\files-2.1\net.sf.jopt-simple\jopt-simple\5.0.4\4fdac2fbe92dfad86aa6e9301736f6b4342a3f5c\jopt-simple-5.0.4.jar to classpath.
[11:49:03] [main/DEBUG] (FabricLoader/Knot) Adding C:\Users\Компьютер\.gradle\caches\modules-2\files-2.1\org.apache.commons\commons-compress\1.21\4ec95b60d4e86b5c95a0e919cb172a0af98011ef\commons-compress-1.21.jar to classpath.
[11:49:03] [main/DEBUG] (FabricLoader/Knot) Adding C:\Users\Компьютер\.gradle\caches\modules-2\files-2.1\org.apache.commons\commons-lang3\3.12.0\c6842c86792ff03b9f1d1fe2aab8dc23aa6c6f0e\commons-lang3-3.12.0.jar to classpath.
[11:49:03] [main/DEBUG] (FabricLoader/Knot) Adding C:\Users\Компьютер\.gradle\caches\modules-2\files-2.1\org.apache.httpcomponents\httpclient\4.5.13\e5f6cae5ca7ecaac1ec2827a9e2d65ae2869cada\httpclient-4.5.13.jar to classpath.
[11:49:03] [main/DEBUG] (FabricLoader/Knot) Adding C:\Users\Компьютер\.gradle\caches\modules-2\files-2.1\org.apache.httpcomponents\httpcore\4.4.15\7f2e0c573eaa7a74bac2e89b359e1f73d92a0a1d\httpcore-4.4.15.jar to classpath.
[11:49:03] [main/DEBUG] (FabricLoader/Knot) Adding C:\Users\Компьютер\.gradle\caches\modules-2\files-2.1\org.joml\joml\1.10.5\22566d58af70ad3d72308bab63b8339906deb649\joml-1.10.5.jar to classpath.
[11:49:03] [main/DEBUG] (FabricLoader/Knot) Adding C:\Users\Компьютер\.gradle\caches\modules-2\files-2.1\org.lwjgl\lwjgl-glfw\3.3.1\cbac1b8d30cb4795149c1ef540f912671a8616d0\lwjgl-glfw-3.3.1.jar to classpath.
[11:49:03] [main/DEBUG] (FabricLoader/Knot) Adding C:\Users\Компьютер\.gradle\caches\modules-2\files-2.1\org.lwjgl\lwjgl-glfw\3.3.1\ed892f945cf7e79c8756796f32d00fa4ceaf573b\lwjgl-glfw-3.3.1-natives-windows.jar to classpath.
[11:49:03] [main/DEBUG] (FabricLoader/Knot) Adding C:\Users\Компьютер\.gradle\caches\modules-2\files-2.1\org.lwjgl\lwjgl-glfw\3.3.1\b997e3391d6ce8f05487e7335d95c606043884a1\lwjgl-glfw-3.3.1-natives-windows-x86.jar to classpath.
[11:49:03] [main/DEBUG] (FabricLoader/Knot) Adding C:\Users\Компьютер\.gradle\caches\modules-2\files-2.1\org.lwjgl\lwjgl-jemalloc\3.3.1\a817bcf213db49f710603677457567c37d53e103\lwjgl-jemalloc-3.3.1.jar to classpath.
[11:49:03] [main/DEBUG] (FabricLoader/Knot) Adding C:\Users\Компьютер\.gradle\caches\modules-2\files-2.1\org.lwjgl\lwjgl-jemalloc\3.3.1\948a89b76a16aa324b046ae9308891216ffce5f9\lwjgl-jemalloc-3.3.1-natives-windows.jar to classpath.
[11:49:03] [main/DEBUG] (FabricLoader/Knot) Adding C:\Users\Компьютер\.gradle\caches\modules-2\files-2.1\org.lwjgl\lwjgl-jemalloc\3.3.1\fb476c8ec110e1c137ad3ce8a7f7bfe6b11c6324\lwjgl-jemalloc-3.3.1-natives-windows-x86.jar to classpath.
[11:49:03] [main/DEBUG] (FabricLoader/Knot) Adding C:\Users\Компьютер\.gradle\caches\modules-2\files-2.1\org.lwjgl\lwjgl-openal\3.3.1\2623a6b8ae1dfcd880738656a9f0243d2e6840bd\lwjgl-openal-3.3.1.jar to classpath.
[11:49:03] [main/DEBUG] (FabricLoader/Knot) Adding C:\Users\Компьютер\.gradle\caches\modules-2\files-2.1\org.lwjgl\lwjgl-openal\3.3.1\30a474d0e57193d7bc128849a3ab66bc9316fdb1\lwjgl-openal-3.3.1-natives-windows.jar to classpath.
[11:49:03] [main/DEBUG] (FabricLoader/Knot) Adding C:\Users\Компьютер\.gradle\caches\modules-2\files-2.1\org.lwjgl\lwjgl-openal\3.3.1\888349f7b1be6fbae58bf8edfb9ef12def04c4e3\lwjgl-openal-3.3.1-natives-windows-x86.jar to classpath.
[11:49:03] [main/DEBUG] (FabricLoader/Knot) Adding C:\Users\Компьютер\.gradle\caches\modules-2\files-2.1\org.lwjgl\lwjgl-opengl\3.3.1\831a5533a21a5f4f81bbc51bb13e9899319b5411\lwjgl-opengl-3.3.1.jar to classpath.
[11:49:03] [main/DEBUG] (FabricLoader/Knot) Adding C:\Users\Компьютер\.gradle\caches\modules-2\files-2.1\org.lwjgl\lwjgl-opengl\3.3.1\c1807e9bd571402787d7e37e3029776ae2513bb8\lwjgl-opengl-3.3.1-natives-windows.jar to classpath.
[11:49:03] [main/DEBUG] (FabricLoader/Knot) Adding C:\Users\Компьютер\.gradle\caches\modules-2\files-2.1\org.lwjgl\lwjgl-opengl\3.3.1\deef3eb9b178ff2ff3ce893cc72ae741c3a17974\lwjgl-opengl-3.3.1-natives-windows-x86.jar to classpath.
[11:49:03] [main/DEBUG] (FabricLoader/Knot) Adding C:\Users\Компьютер\.gradle\caches\modules-2\files-2.1\org.lwjgl\lwjgl-stb\3.3.1\b119297cf8ed01f247abe8685857f8e7fcf5980f\lwjgl-stb-3.3.1.jar to classpath.
[11:49:03] [main/DEBUG] (FabricLoader/Knot) Adding C:\Users\Компьютер\.gradle\caches\modules-2\files-2.1\org.lwjgl\lwjgl-stb\3.3.1\86315914ac119efdb02dc9e8e978ade84f1702af\lwjgl-stb-3.3.1-natives-windows.jar to classpath.
[11:49:03] [main/DEBUG] (FabricLoader/Knot) Adding C:\Users\Компьютер\.gradle\caches\modules-2\files-2.1\org.lwjgl\lwjgl-stb\3.3.1\a8d41f419eecb430b7c91ea2ce2c5c451cae2091\lwjgl-stb-3.3.1-natives-windows-x86.jar to classpath.
[11:49:03] [main/DEBUG] (FabricLoader/Knot) Adding C:\Users\Компьютер\.gradle\caches\modules-2\files-2.1\org.lwjgl\lwjgl-tinyfd\3.3.1\ff1914111ef2e3e0110ef2dabc8d8cdaad82347\lwjgl-tinyfd-3.3.1.jar to classpath.
[11:49:03] [main/DEBUG] (FabricLoader/Knot) Adding C:\Users\Компьютер\.gradle\caches\modules-2\files-2.1\org.lwjgl\lwjgl-tinyfd\3.3.1\a5d830475ec0958d9fdba1559efa99aef211e6ff\lwjgl-tinyfd-3.3.1-natives-windows.jar to classpath.
[11:49:03] [main/DEBUG] (FabricLoader/Knot) Adding C:\Users\Компьютер\.gradle\caches\modules-2\files-2.1\org.lwjgl\lwjgl-tinyfd\3.3.1\842eedd876fae354abc308c98a263f6bbc9e8a4d\lwjgl-tinyfd-3.3.1-natives-windows-x86.jar to classpath.
[11:49:03] [main/DEBUG] (FabricLoader/Knot) Adding C:\Users\Компьютер\.gradle\caches\modules-2\files-2.1\org.lwjgl\lwjgl\3.3.1\ae58664f88e18a9bb2c77b063833ca7aaec484cb\lwjgl-3.3.1.jar to classpath.
[11:49:03] [main/DEBUG] (FabricLoader/Knot) Adding C:\Users\Компьютер\.gradle\caches\modules-2\files-2.1\org.lwjgl\lwjgl\3.3.1\36c37f16ab611b3aa11f3bcf80b1d509b4ce6b\lwjgl-3.3.1-natives-windows.jar to classpath.
[11:49:03] [main/DEBUG] (FabricLoader/Knot) Adding C:\Users\Компьютер\.gradle\caches\modules-2\files-2.1\org.lwjgl\lwjgl\3.3.1\3b14f4beae9dd39791ec9e12190a9380cd8a3ce6\lwjgl-3.3.1-natives-windows-x86.jar to classpath.
[11:49:03] [main/DEBUG] (FabricLoader/Knot) Adding C:\Users\Компьютер\.gradle\caches\modules-2\files-2.1\io.netty\netty-transport-native-epoll\4.1.82.Final\476409d6255001ca53a55f65b01c13822f8dc93a\netty-transport-native-epoll-4.1.82.Final-linux-aarch_64.jar to classpath.
[11:49:03] [main/DEBUG] (FabricLoader/Knot) Adding C:\Users\Компьютер\.gradle\caches\modules-2\files-2.1\io.netty\netty-transport-native-epoll\4.1.82.Final\c7350a71920f3ae9142945e25fed4846cce53374\netty-transport-native-epoll-4.1.82.Final-linux-x86_64.jar to classpath.
[11:49:03] [main/DEBUG] (FabricLoader/Knot) Adding C:\Users\Компьютер\.gradle\caches\fabric-loom\1.19.4\net.fabricmc.yarn.1_19_4.1.19.4+build.1-v2\mappings.jar to classpath.
[11:49:03] [main/DEBUG] (FabricLoader/Knot) Adding C:\Users\Компьютер\.gradle\caches\modules-2\files-2.1\net.fabricmc\dev-launch-injector\0.2.1+build.8\da8bef7e6e2f952da707f282bdb46882a0fce5e3\dev-launch-injector-0.2.1+build.8.jar to classpath.
[11:49:03] [main/DEBUG] (FabricLoader/Knot) Adding C:\Users\Компьютер\.gradle\caches\modules-2\files-2.1\org.jline\jline-reader\3.12.1\4382ab1382c7b6f379377ed5f665dc2f6e1218bc\jline-reader-3.12.1.jar to classpath.
[11:49:03] [main/DEBUG] (FabricLoader/Knot) Adding C:\Users\Компьютер\.gradle\caches\modules-2\files-2.1\org.jline\jline-terminal\3.12.1\c777448314e050d980a6b697c140f3bfe9eb7416\jline-terminal-3.12.1.jar to classpath.
[11:49:03] [main/DEBUG] (FabricLoader/Entrypoint) No subscribers for entrypoint 'preLaunch'
[11:49:03] [main/DEBUG] (FabricLoader/Mixin) Preparing mixins for MixinEnvironment[DEFAULT]
[11:49:03] [main/DEBUG] (FabricLoader/Mixin) Selecting config sascha123789_core_mod.mixins.json
[11:49:04] [main/DEBUG] (FabricLoader/Mixin) Preparing sascha123789_core_mod.mixins.json (3)
[11:49:04] [main/DEBUG] (FabricLoader/Mixin) Registering new injector for @Inject with org.spongepowered.asm.mixin.injection.struct.CallbackInjectionInfo
[11:49:04] [main/DEBUG] (FabricLoader/Mixin) Registering new injector for @ModifyArg with org.spongepowered.asm.mixin.injection.struct.ModifyArgInjectionInfo
[11:49:04] [main/DEBUG] (FabricLoader/Mixin) Registering new injector for @ModifyArgs with org.spongepowered.asm.mixin.injection.struct.ModifyArgsInjectionInfo
[11:49:04] [main/DEBUG] (FabricLoader/Mixin) Registering new injector for @Redirect with org.spongepowered.asm.mixin.injection.struct.RedirectInjectionInfo
[11:49:04] [main/DEBUG] (FabricLoader/Mixin) Registering new injector for @ModifyVariable with org.spongepowered.asm.mixin.injection.struct.ModifyVariableInjectionInfo
[11:49:04] [main/DEBUG] (FabricLoader/Mixin) Registering new injector for @ModifyConstant with org.spongepowered.asm.mixin.injection.struct.ModifyConstantInjectionInfo
[11:49:04] [main/DEBUG] (FabricLoader/Mixin) Prepared 3 mixins in 0,438 sec (146,0ms avg) (0ms load, 0ms transform, 0ms plugin)
[11:49:04] [main/DEBUG] (io.netty.util.internal.logging.InternalLoggerFactory) Using SLF4J as the default logging framework
[11:49:04] [main/DEBUG] (io.netty.util.ResourceLeakDetector) -Dio.netty.leakDetection.level: simple
[11:49:04] [main/DEBUG] (io.netty.util.ResourceLeakDetector) -Dio.netty.leakDetection.targetRecords: 4
[11:49:34] [Datafixer Bootstrap/INFO] (com.mojang.datafixers.DataFixerBuilder) 180 Datafixer optimizations took 5260 milliseconds
[11:49:37] [Render thread/INFO] (com.mojang.authlib.yggdrasil.YggdrasilAuthenticationService) Environment: authHost='https://authserver.mojang.com', accountsHost='https://api.mojang.com', sessionHost='https://sessionserver.mojang.com', servicesHost='https://api.minecraftservices.com', name='PROD'
[11:49:37] [Render thread/DEBUG] (com.mojang.authlib.minecraft.client.MinecraftClient) Connecting to https://api.minecraftservices.com/player/attributes
[11:49:41] [Render thread/ERROR] (net.minecraft.client.MinecraftClient) Failed to verify authentication
com.mojang.authlib.exceptions.InvalidCredentialsException: Status: 401
	at com.mojang.authlib.exceptions.MinecraftClientHttpException.toAuthenticationException(MinecraftClientHttpException.java:56) ~[authlib-3.18.38.jar:?]
	at com.mojang.authlib.yggdrasil.YggdrasilUserApiService.fetchProperties(YggdrasilUserApiService.java:156) ~[authlib-3.18.38.jar:?]
	at com.mojang.authlib.yggdrasil.YggdrasilUserApiService.<init>(YggdrasilUserApiService.java:55) ~[authlib-3.18.38.jar:?]
	at com.mojang.authlib.yggdrasil.YggdrasilAuthenticationService.createUserApiService(YggdrasilAuthenticationService.java:161) ~[authlib-3.18.38.jar:?]
	at net.minecraft.client.MinecraftClient.createUserApiService(MinecraftClient.java:732) ~[minecraft-merged-named.jar:?]
	at net.minecraft.client.MinecraftClient.<init>(MinecraftClient.java:440) ~[minecraft-merged-named.jar:?]
	at net.minecraft.client.main.Main.main(Main.java:198) ~[minecraft-merged-named.jar:?]
	at net.fabricmc.loader.impl.game.minecraft.MinecraftGameProvider.launch(MinecraftGameProvider.java:462) ~[fabric-loader-0.14.18.jar:?]
	at net.fabricmc.loader.impl.launch.knot.Knot.launch(Knot.java:74) ~[fabric-loader-0.14.18.jar:?]
	at net.fabricmc.loader.impl.launch.knot.KnotClient.main(KnotClient.java:23) ~[fabric-loader-0.14.18.jar:?]
	at net.fabricmc.devlaunchinjector.Main.main(Main.java:86) ~[dev-launch-injector-0.2.1+build.8.jar:?]
Caused by: com.mojang.authlib.exceptions.MinecraftClientHttpException: Status: 401
	at com.mojang.authlib.minecraft.client.MinecraftClient.readInputStream(MinecraftClient.java:87) ~[authlib-3.18.38.jar:?]
	at com.mojang.authlib.minecraft.client.MinecraftClient.get(MinecraftClient.java:48) ~[authlib-3.18.38.jar:?]
	at com.mojang.authlib.yggdrasil.YggdrasilUserApiService.fetchProperties(YggdrasilUserApiService.java:129) ~[authlib-3.18.38.jar:?]
	... 9 more
[11:49:41] [Render thread/INFO] (net.minecraft.client.MinecraftClient) Setting user: Player519
[11:49:41] [Render thread/DEBUG] (FabricLoader/Entrypoint) No subscribers for entrypoint 'main'
[11:49:41] [Render thread/DEBUG] (FabricLoader/Entrypoint) No subscribers for entrypoint 'client'
[11:49:42] [Render thread/INFO] (net.minecraft.client.MinecraftClient) Backend library: LWJGL version 3.3.1 SNAPSHOT
[11:49:47] [Render thread/DEBUG] (com.mojang.blaze3d.systems.RenderSystem) Growing IndexBuffer: Old limit 0, new limit 9360.
[11:49:47] [Render thread/DEBUG] (com.mojang.blaze3d.systems.RenderSystem) Growing IndexBuffer: Old limit 0, new limit 20.
[11:49:47] [Render thread/DEBUG] (FabricLoader/Mixin) Mixing ItemGroupsMixin from sascha123789_core_mod.mixins.json into net.minecraft.item.ItemGroups
[11:49:47] [Render thread/DEBUG] (FabricLoader/Mixin) Renaming synthetic method lambda$injectEntries$3(Lnet/minecraft/item/ItemGroup$DisplayContext;Lnet/minecraft/item/MinecraftItemGroup;)V to md8dffb6$sascha123789_core_mod$lambda$injectEntries$3$0 in sascha123789_core_mod.mixins.json:ItemGroupsMixin from mod sascha123789_core_mod
[11:49:47] [Render thread/DEBUG] (FabricLoader/Mixin) Renaming synthetic method lambda$injectEntries$2(Lnet/minecraft/item/MinecraftItemGroup;)Z to md8dffb6$sascha123789_core_mod$lambda$injectEntries$2$1 in sascha123789_core_mod.mixins.json:ItemGroupsMixin from mod sascha123789_core_mod
[11:49:47] [Render thread/DEBUG] (FabricLoader/Mixin) Renaming synthetic method lambda$injectEntries$1(Lnet/minecraft/item/ItemGroup$DisplayContext;Lnet/minecraft/item/MinecraftItemGroup;)V to md8dffb6$sascha123789_core_mod$lambda$injectEntries$1$2 in sascha123789_core_mod.mixins.json:ItemGroupsMixin from mod sascha123789_core_mod
[11:49:47] [Render thread/DEBUG] (FabricLoader/Mixin) Renaming synthetic method lambda$injectEntries$0(Lnet/minecraft/item/MinecraftItemGroup;)Z to md8dffb6$sascha123789_core_mod$lambda$injectEntries$0$3 in sascha123789_core_mod.mixins.json:ItemGroupsMixin from mod sascha123789_core_mod
[11:49:47] [Render thread/DEBUG] (FabricLoader/Mixin) sascha123789_core_mod.mixins.json:ItemGroupsMixin from mod sascha123789_core_mod->@Inject::update(Lorg/spongepowered/asm/mixin/injection/callback/CallbackInfo;)V doesn't use it's CallbackInfo
[11:49:47] [Render thread/DEBUG] (FabricLoader/Mixin) sascha123789_core_mod.mixins.json:ItemGroupsMixin from mod sascha123789_core_mod->@Inject::injectEntries(Lnet/minecraft/item/ItemGroup$DisplayContext;Lorg/spongepowered/asm/mixin/injection/callback/CallbackInfo;)V doesn't use it's CallbackInfo
[11:49:49] [Render thread/INFO] (com.mojang.text2speech.NarratorWindows) Narrator library for x64 successfully loaded
[11:49:49] [Render thread/INFO] (net.minecraft.resource.ReloadableResourceManagerImpl) Reloading ResourceManager: vanilla
[11:49:50] [Render thread/DEBUG] (FabricLoader/Mixin) Mixing AccessibilityOptionsScreenMixin from sascha123789_core_mod.mixins.json into net.minecraft.client.gui.screen.option.AccessibilityOptionsScreen
[11:49:53] [Realms Notification Availability checker #1/INFO] (net.minecraft.client.realms.RealmsClient) Could not authorize you against Realms server: Invalid session id
[11:49:56] [Render thread/INFO] (net.minecraft.client.MinecraftClient) Stopping!
[11:49:57] [Render thread/ERROR] (net.minecraft.client.MinecraftClient) Shutdown failure!
java.util.ConcurrentModificationException: null
	at java.util.HashMap.forEach(HashMap.java:1424) ~[?:?]
	at net.minecraft.client.texture.TextureManager.close(TextureManager.java:175) ~[minecraft-merged-named.jar:?]
	at net.minecraft.client.MinecraftClient.close(MinecraftClient.java:1137) ~[minecraft-merged-named.jar:?]
	at net.minecraft.client.MinecraftClient.stop(MinecraftClient.java:1112) ~[minecraft-merged-named.jar:?]
	at net.minecraft.client.main.Main.main(Main.java:253) ~[minecraft-merged-named.jar:?]
	at net.fabricmc.loader.impl.game.minecraft.MinecraftGameProvider.launch(MinecraftGameProvider.java:462) ~[fabric-loader-0.14.18.jar:?]
	at net.fabricmc.loader.impl.launch.knot.Knot.launch(Knot.java:74) ~[fabric-loader-0.14.18.jar:?]
	at net.fabricmc.loader.impl.launch.knot.KnotClient.main(KnotClient.java:23) ~[fabric-loader-0.14.18.jar:?]
	at net.fabricmc.devlaunchinjector.Main.main(Main.java:86) ~[dev-launch-injector-0.2.1+build.8.jar:?]
